--- PyTorch GPU Check ---
CUDA available: True
Number of GPUs: 1
Device 0: NVIDIA H100 NVL
Device 1: N/A

--- Library Import Check ---
All imports OK

=== Starting Main Job ===
The following values were not passed to `accelerate launch` and had defaults used instead:
	`--num_processes` was set to a value of `1`
	`--num_machines` was set to a value of `1`
	`--mixed_precision` was set to a value of `'no'`
	`--dynamo_backend` was set to a value of `'no'`
To avoid this warning pass in values for each of the problematic parameters or run `accelerate config`.
[RANK 0] Detected kernel version 3.10.0, which is below the recommended minimum of 5.5.0; this can cause the process to hang. It is recommended to upgrade the kernel to the minimum version or higher.
Warning: You are sending unauthenticated requests to the HF Hub. Please set a HF_TOKEN to enable higher rate limits and faster downloads.
Epoch 1 — Train PPL: 148.92 | Val PPL: 59.80
New best model saved (Val Loss: 4.0909)
Epoch 2 — Train PPL: 57.35 | Val PPL: 44.06
New best model saved (Val Loss: 3.7856)
Epoch 3 — Train PPL: 44.88 | Val PPL: 37.50
New best model saved (Val Loss: 3.6243)
Epoch 4 — Train PPL: 38.76 | Val PPL: 34.67
New best model saved (Val Loss: 3.5460)
Epoch 5 — Train PPL: 35.91 | Val PPL: 34.18
New best model saved (Val Loss: 3.5317)
